
*** Running vivado
    with args -log main.vdi -applog -m64 -product Vivado -messageDb vivado.pb -mode batch -source main.tcl -notrace


****** Vivado v2018.3 (64-bit)
  **** SW Build 2405991 on Thu Dec  6 23:38:27 MST 2018
  **** IP Build 2404404 on Fri Dec  7 01:43:56 MST 2018
    ** Copyright 1986-2018 Xilinx, Inc. All Rights Reserved.

source main.tcl -notrace
Command: link_design -top main -part xc7a35tcpg236-1
Design is defaulting to srcset: sources_1
Design is defaulting to constrset: constrs_1
INFO: [Project 1-479] Netlist was created with Vivado 2018.3
INFO: [Device 21-403] Loading part xc7a35tcpg236-1
INFO: [Project 1-570] Preparing netlist for logic optimization
Parsing XDC File [C:/Users/Martin Androvich/Desktop/rb-pro4/fpga/main/pan_tilt.srcs/constrs_1/imports/components/basys3_master.xdc]
Finished Parsing XDC File [C:/Users/Martin Androvich/Desktop/rb-pro4/fpga/main/pan_tilt.srcs/constrs_1/imports/components/basys3_master.xdc]
INFO: [Opt 31-138] Pushed 0 inverter(s) to 0 load pin(s).
CRITICAL WARNING: [Project 1-486] Could not resolve non-primitive black box cell 'module_name' instantiated as 'U1' [C:/Users/Martin Androvich/Desktop/rb-pro4/fpga/assets/components/main.vhd:90]
Netlist sorting complete. Time (s): cpu = 00:00:00 ; elapsed = 00:00:00 . Memory (MB): peak = 551.359 ; gain = 0.000
INFO: [Project 1-111] Unisim Transformation Summary:
No Unisim elements were transformed.

5 Infos, 0 Warnings, 1 Critical Warnings and 0 Errors encountered.
link_design completed successfully
link_design: Time (s): cpu = 00:00:09 ; elapsed = 00:00:10 . Memory (MB): peak = 555.555 ; gain = 292.699
Command: opt_design
Attempting to get a license for feature 'Implementation' and/or device 'xc7a35t'
INFO: [Common 17-349] Got license for feature 'Implementation' and/or device 'xc7a35t'
Running DRC as a precondition to command opt_design

Starting DRC Task
INFO: [DRC 23-27] Running DRC with 2 threads
ERROR: [DRC INBB-3] Black Box Instances: Cell 'U1' of type 'module_name' has undefined contents and is considered a black box.  The contents of this cell must be defined for opt_design to complete successfully.
INFO: [Project 1-461] DRC finished with 1 Errors
INFO: [Project 1-462] Please refer to the DRC report (report_drc) for more information.
ERROR: [Vivado_Tcl 4-78] Error(s) found during DRC. Opt_design not run.

Time (s): cpu = 00:00:02 ; elapsed = 00:00:01 . Memory (MB): peak = 564.406 ; gain = 8.852
INFO: [Common 17-83] Releasing license: Implementation
10 Infos, 0 Warnings, 1 Critical Warnings and 2 Errors encountered.
opt_design failed
ERROR: [Common 17-39] 'opt_design' failed due to earlier errors.

INFO: [Common 17-206] Exiting Vivado at Mon Mar  4 16:46:30 2019...
